<?xml version="1.0" encoding="UTF-8"?>
<!-- Generated by org.testng.reporters.JUnitReportReporter -->
<testsuite hostname="LAPTOP-NS62KLMK" failures="0" tests="4" name="api.test.UserTests" time="11.639" errors="0" timestamp="2023-05-16T10:07:45 IST" skipped="0">
  <testcase classname="api.test.UserTests" name="testPostUser" time="3.593"/>
  <system-out/>
  <testcase classname="api.test.UserTests" name="testGetUserByName" time="1.976"/>
  <system-out/>
  <testcase classname="api.test.UserTests" name="testUpdateUserByName" time="4.084"/>
  <system-out/>
  <testcase classname="api.test.UserTests" name="testDeleteByName" time="1.986"/>
  <system-out/>
</testsuite> <!-- api.test.UserTests -->
