<?xml version="1.0" encoding="UTF-8"?>
<!-- Generated by org.testng.reporters.JUnitReportReporter -->
<testsuite hostname="LAPTOP-NS62KLMK" failures="0" tests="4" name="api.test.UserTestsPropertiesfile" time="9.337" errors="0" timestamp="2023-05-16T10:49:43 IST" skipped="0">
  <testcase classname="api.test.UserTestsPropertiesfile" name="testPostUser" time="3.188"/>
  <system-out/>
  <testcase classname="api.test.UserTestsPropertiesfile" name="testGetUserByName" time="1.653"/>
  <system-out/>
  <testcase classname="api.test.UserTestsPropertiesfile" name="testUpdateUserByName" time="2.963"/>
  <system-out/>
  <testcase classname="api.test.UserTestsPropertiesfile" name="testDeleteByName" time="1.533"/>
  <system-out/>
</testsuite> <!-- api.test.UserTestsPropertiesfile -->
