<?xml version="1.0" encoding="UTF-8"?>
<!-- Generated by org.testng.reporters.JUnitReportReporter -->
<testsuite hostname="LAPTOP-NS62KLMK" failures="0" tests="4" name="api.test.UserTestsPropertiesfile" time="8.663" errors="0" timestamp="2023-05-16T11:30:01 IST" skipped="0">
  <testcase classname="api.test.UserTestsPropertiesfile" name="testPostUser" time="3.453"/>
  <system-out/>
  <testcase classname="api.test.UserTestsPropertiesfile" name="testGetUserByName" time="1.319"/>
  <system-out/>
  <testcase classname="api.test.UserTestsPropertiesfile" name="testUpdateUserByName" time="2.605"/>
  <system-out/>
  <testcase classname="api.test.UserTestsPropertiesfile" name="testDeleteByName" time="1.286"/>
  <system-out/>
</testsuite> <!-- api.test.UserTestsPropertiesfile -->
